<?xml version="1.0" encoding="UTF-8"?>
<!-- Generated by org.testng.reporters.JUnitReportReporter -->
<testsuite hostname="KishoreMS" failures="0" tests="4" name="com.base.PetStore" time="17.721" errors="0" timestamp="2022-04-22T19:50:15 IST" skipped="0">
  <testcase classname="com.base.PetStore" name="createPet" time="13.023"/>
  <system-out/>
  <testcase classname="com.base.PetStore" name="updatepet" time="1.637"/>
  <system-out/>
  <testcase classname="com.base.PetStore" name="gettheupdatedpet" time="1.578"/>
  <system-out/>
  <testcase classname="com.base.PetStore" name="deletepetid" time="1.483"/>
  <system-out/>
</testsuite> <!-- com.base.PetStore -->
